Arguments: 
  /usr/local/Cellar/node/10.3.0/bin/node /usr/local/Cellar/yarn/1.7.0/libexec/bin/yarn.js install

PATH: 
  /Users/ediaz/.rvm/gems/ruby-2.3.4/bin:/Users/ediaz/.rvm/gems/ruby-2.3.4@global/bin:/Users/ediaz/.rvm/rubies/ruby-2.3.4/bin:/usr/local/bin:/usr/bin:/bin:/usr/sbin:/sbin:/Users/ediaz/.rvm/bin

Yarn version: 
  1.7.0

Node version: 
  10.3.0

Platform: 
  darwin x64

Trace: 
  SyntaxError: /Users/ediaz/Code/luma/package.json: Unexpected token } in JSON at position 1432
      at JSON.parse (<anonymous>)
      at /usr/local/Cellar/yarn/1.7.0/libexec/lib/cli.js:1130:59
      at Generator.next (<anonymous>)
      at step (/usr/local/Cellar/yarn/1.7.0/libexec/lib/cli.js:98:30)
      at /usr/local/Cellar/yarn/1.7.0/libexec/lib/cli.js:109:13

npm manifest: 
  {
    "name": "Luma",
    "version": "1.0.0",
    "description": "Wakoopa Trackers Setup Assistant",
    "main": "index.js",
    "scripts": {
      "test": "jest --coverage",
      "test:watch": "jest --watch",
      "cy:run": "cypress run",
      "cy:open": "cypress open",
      "pretest:e2e": "npm run build",
      "test:e2e": "npm-run-all --parallel --race start cy:run",
      "test:e2e:dev": "npm-run-all --parallel --race dev cy:open",
      "dev": "webpack-dev-server --mode=development",
      "build": "webpack --mode=production",
      "start": "serve -s dist --port 8080"
    },
    "keywords": [],
    "author": "Wakoopa",
    "license": "MIT",
    "devDependencies": {
      "babel-core": "^6.26.0",
      "babel-loader": "^7.1.4",
      "babel-plugin-dynamic-import-node": "^1.2.0",
      "babel-plugin-syntax-dynamic-import": "^6.18.0",
      "babel-plugin-transform-class-properties": "^6.24.1",
      "babel-plugin-transform-object-rest-spread": "^6.26.0",
      "babel-preset-env": "^1.6.1",
      "babel-preset-react": "^6.24.1",
      "css-loader": "^0.28.11",
      "cypress": "^2.1.0",
      "cypress-testing-library": "^1.0.0",
      "file-loader": "^1.1.11",
      "identity-obj-proxy": "^3.0.0",
      "jest": "^22.4.3",
      "npm-run-all": "^4.1.2",
      "serve": "^6.5.5",
      "style-loader": "^0.20.3",
      "webpack": "^4.5.0",
      "webpack-cli": "^2.0.14",
      "webpack-dev-server": "^3.1.3"
    },
    "dependencies": {
      "react": "^16.3.1",
      "react-dom": "^16.3.1",
    },
    "babel": {
      "presets": "./.babelrc.js"
    }
  }

yarn manifest: 
  No manifest

Lockfile: 
  No lockfile
